<?xml version="1.0" encoding="UTF-8"?>
<!-- Generated by org.testng.reporters.JUnitReportReporter -->
<testsuite skipped="0" hostname="sathishdhivya" name="MavenFramework.AppTest" tests="1" failures="0" timestamp="25 Mar 2017 14:44:18 GMT" time="0.058" errors="0">
  <testcase name="Vinayaga" time="0.058" classname="MavenFramework.AppTest"/>
</testsuite> <!-- MavenFramework.AppTest -->
